<?xml version="1.0" encoding="UTF-8"?>
<testsuites name="jest tests" tests="1" failures="0" errors="0" time="3.353">
  <testsuite name="jupyterlab_code_formatter" errors="0" failures="0" skipped="0" timestamp="2024-07-22T14:06:25" time="2.7" tests="1">
    <testcase classname="jupyterlab_code_formatter should be tested" name="jupyterlab_code_formatter should be tested" time="0.003">
    </testcase>
  </testsuite>
</testsuites>