<?xml version="1.0" encoding="utf-8"?><testsuites><testsuite name="pytest" errors="0" failures="0" skipped="0" tests="7" time="0.088" timestamp="2023-04-05T21:12:00.646607" hostname="Mac-mini"><testcase classname="tests.test_strings" name="test_slugify[Foo Bar-foo-bar]" time="0.000" /><testcase classname="tests.test_strings" name="test_slugify[ foo bar -foo-bar]" time="0.000" /><testcase classname="tests.test_strings" name="test_slugify[Un \xe9l\xe9phant \xe0 l'or\xe9e du bois-un-elephant-a-loree-du-bois]" time="0.000" /><testcase classname="tests.test_strings" name="test_slugify[shouldn't couldn't wouldn't-shouldnt-couldnt-wouldnt]" time="0.000" /><testcase classname="tests.test_strings" name="test_slugify[-]" time="0.000" /><testcase classname="tests.test_strings" name="test_slugify[5-5]" time="0.000" /><testcase classname="tests.test_strings" name="test_slugify[None-]" time="0.000" /></testsuite></testsuites>